<?xml version="1.0" encoding="UTF-8"?>
<testsuite name="lab0.Variant4Test" tests="43" skipped="0" failures="0" errors="0" timestamp="2021-09-22T08:17:35" hostname="DESKTOP-SQ084ES" time="0.07">
  <properties/>
  <testcase name="arrayTest[0](2, 3, 5, [I@17e4f8c1)" classname="lab0.Variant4Test" time="0.009"/>
  <testcase name="arrayTest[1](3, 2, 7, [I@625d67af)" classname="lab0.Variant4Test" time="0.0"/>
  <testcase name="arrayTest[2](5, 4, 6, [I@5a501da)" classname="lab0.Variant4Test" time="0.0"/>
  <testcase name="arrayTest[3](-1, -2, 8, [I@1e619b43)" classname="lab0.Variant4Test" time="0.0"/>
  <testcase name="booleanTest[0](5, 1, true)" classname="lab0.Variant4Test" time="0.0"/>
  <testcase name="booleanTest[1](0, -2, false)" classname="lab0.Variant4Test" time="0.0"/>
  <testcase name="booleanTest[2](3, 4, false)" classname="lab0.Variant4Test" time="0.0"/>
  <testcase name="forTest[0](2, 93.46)" classname="lab0.Variant4Test" time="0.008"/>
  <testcase name="forTest[1](3, 140.19)" classname="lab0.Variant4Test" time="0.0"/>
  <testcase name="forTest[2](7, 327.11002)" classname="lab0.Variant4Test" time="0.0"/>
  <testcase name="ifTest[0](2, 3, 10, 3)" classname="lab0.Variant4Test" time="0.0"/>
  <testcase name="ifTest[1](0, 0, 0, 0)" classname="lab0.Variant4Test" time="0.0"/>
  <testcase name="ifTest[2](-3, -3, -1, 0)" classname="lab0.Variant4Test" time="0.0"/>
  <testcase name="inputTest[0](7, 5, 1)" classname="lab0.Variant4Test" time="0.0"/>
  <testcase name="inputTest[1](23, 11, 2)" classname="lab0.Variant4Test" time="0.0"/>
  <testcase name="inputTest[2](50, 7, 7)" classname="lab0.Variant4Test" time="0.0"/>
  <testcase name="minMaxTest[0]([F@72518775, 5)" classname="lab0.Variant4Test" time="0.0"/>
  <testcase name="minMaxTest[1]([F@6bbb5997, 0)" classname="lab0.Variant4Test" time="0.0"/>
  <testcase name="minMaxTest[2]([F@68b4e25d, 3)" classname="lab0.Variant4Test" time="0.0"/>
  <testcase name="negativeForTest" classname="lab0.Variant4Test" time="0.0"/>
  <testcase name="negativeIntegerTest" classname="lab0.Variant4Test" time="0.0"/>
  <testcase name="negativeSizeOfArrowWhileProvider[0](0, 0, -3)" classname="lab0.Variant4Test" time="0.0"/>
  <testcase name="negativeSizeOfArrowWhileProvider[1](0, 0, 0)" classname="lab0.Variant4Test" time="0.0"/>
  <testcase name="negativeSizeOfArrowWhileProvider[2](0, 0, -7)" classname="lab0.Variant4Test" time="0.0"/>
  <testcase name="negativeSizeOfArrowWhileProvider2[0]([I@7ddc6687, 0, -3)" classname="lab0.Variant4Test" time="0.0"/>
  <testcase name="negativeSizeOfArrowWhileProvider2[1]([I@128e797f, -2, 0)" classname="lab0.Variant4Test" time="0.0"/>
  <testcase name="negativeSizeOfArrowWhileProvider2[2]([I@1396eb2d, -3, -7)" classname="lab0.Variant4Test" time="0.0"/>
  <testcase name="negativeWhileTest[0](-7)" classname="lab0.Variant4Test" time="0.0"/>
  <testcase name="negativeWhileTest[1](-2)" classname="lab0.Variant4Test" time="0.0"/>
  <testcase name="negativeWhileTest[2](-3)" classname="lab0.Variant4Test" time="0.0"/>
  <testcase name="switchLessTest" classname="lab0.Variant4Test" time="0.0"/>
  <testcase name="switchOverTest" classname="lab0.Variant4Test" time="0.0"/>
  <testcase name="switchTest[0](3, 31)" classname="lab0.Variant4Test" time="0.0"/>
  <testcase name="switchTest[1](2, 28)" classname="lab0.Variant4Test" time="0.0"/>
  <testcase name="switchTest[2](6, 30)" classname="lab0.Variant4Test" time="0.0"/>
  <testcase name="twoDimensionArrayTest[0]([I@1f76924e, 7, 5, [[I@39b947cd)" classname="lab0.Variant4Test" time="0.0"/>
  <testcase name="twoDimensionArrayTest[1]([I@45b96749, 7, 5, [[I@50ab6424)" classname="lab0.Variant4Test" time="0.0"/>
  <testcase name="twoDimensionArrayTest[2]([I@d7ea3ed, 7, 5, [[I@254dfdb)" classname="lab0.Variant4Test" time="0.0"/>
  <testcase name="whileTest[0](3, true)" classname="lab0.Variant4Test" time="0.0"/>
  <testcase name="whileTest[1](27, true)" classname="lab0.Variant4Test" time="0.0"/>
  <testcase name="whileTest[2](81, true)" classname="lab0.Variant4Test" time="0.0"/>
  <testcase name="whileTest[3](82, false)" classname="lab0.Variant4Test" time="0.0"/>
  <testcase name="whileTest[4](0, false)" classname="lab0.Variant4Test" time="0.0"/>
  <system-out><![CDATA[]]></system-out>
  <system-err><![CDATA[]]></system-err>
</testsuite>
