<?xml version="1.0" encoding="UTF-8"?>
<testsuite name="lab0.Variant4Test" tests="43" skipped="0" failures="0" errors="0" timestamp="2021-09-20T12:14:43" hostname="DESKTOP-SQ084ES" time="0.094">
  <properties/>
  <testcase name="arrayTest[0](2, 3, 5, [I@75215d47)" classname="lab0.Variant4Test" time="0.008"/>
  <testcase name="arrayTest[1](3, 2, 7, [I@61fe6824)" classname="lab0.Variant4Test" time="0.008"/>
  <testcase name="arrayTest[2](5, 4, 6, [I@21a165b6)" classname="lab0.Variant4Test" time="0.0"/>
  <testcase name="arrayTest[3](-1, -2, 8, [I@1788f602)" classname="lab0.Variant4Test" time="0.0"/>
  <testcase name="booleanTest[0](5, 1, true)" classname="lab0.Variant4Test" time="0.0"/>
  <testcase name="booleanTest[1](0, -2, false)" classname="lab0.Variant4Test" time="0.0"/>
  <testcase name="booleanTest[2](3, 4, false)" classname="lab0.Variant4Test" time="0.0"/>
  <testcase name="forTest[0](2, 93.46)" classname="lab0.Variant4Test" time="0.0"/>
  <testcase name="forTest[1](3, 140.19)" classname="lab0.Variant4Test" time="0.008"/>
  <testcase name="forTest[2](7, 327.11002)" classname="lab0.Variant4Test" time="0.0"/>
  <testcase name="ifTest[0](2, 3, 10, 3)" classname="lab0.Variant4Test" time="0.0"/>
  <testcase name="ifTest[1](0, 0, 0, 0)" classname="lab0.Variant4Test" time="0.0"/>
  <testcase name="ifTest[2](-3, -3, -1, 0)" classname="lab0.Variant4Test" time="0.0"/>
  <testcase name="inputTest[0](7, 5, 1)" classname="lab0.Variant4Test" time="0.0"/>
  <testcase name="inputTest[1](23, 11, 2)" classname="lab0.Variant4Test" time="0.0"/>
  <testcase name="inputTest[2](50, 7, 7)" classname="lab0.Variant4Test" time="0.0"/>
  <testcase name="minMaxTest[0]([F@dfa734, -54)" classname="lab0.Variant4Test" time="0.0"/>
  <testcase name="minMaxTest[1]([F@60e3e3a6, -9)" classname="lab0.Variant4Test" time="0.0"/>
  <testcase name="minMaxTest[2]([F@16a0b5d3, -4.34)" classname="lab0.Variant4Test" time="0.0"/>
  <testcase name="negativeForTest" classname="lab0.Variant4Test" time="0.0"/>
  <testcase name="negativeIntegerTest" classname="lab0.Variant4Test" time="0.0"/>
  <testcase name="negativeSizeOfArrowWhileProvider[0](0, 0, -3)" classname="lab0.Variant4Test" time="0.0"/>
  <testcase name="negativeSizeOfArrowWhileProvider[1](0, 0, 0)" classname="lab0.Variant4Test" time="0.0"/>
  <testcase name="negativeSizeOfArrowWhileProvider[2](0, 0, -7)" classname="lab0.Variant4Test" time="0.0"/>
  <testcase name="negativeSizeOfArrowWhileProvider2[0]([I@39c4c6a0, 0, -3)" classname="lab0.Variant4Test" time="0.002"/>
  <testcase name="negativeSizeOfArrowWhileProvider2[1]([I@6c467096, -2, 0)" classname="lab0.Variant4Test" time="0.001"/>
  <testcase name="negativeSizeOfArrowWhileProvider2[2]([I@de04c48, -3, -7)" classname="lab0.Variant4Test" time="0.001"/>
  <testcase name="negativeWhileTest[0](-7)" classname="lab0.Variant4Test" time="0.0"/>
  <testcase name="negativeWhileTest[1](-2)" classname="lab0.Variant4Test" time="0.0"/>
  <testcase name="negativeWhileTest[2](-3)" classname="lab0.Variant4Test" time="0.0"/>
  <testcase name="switchLessTest" classname="lab0.Variant4Test" time="0.008"/>
  <testcase name="switchOverTest" classname="lab0.Variant4Test" time="0.0"/>
  <testcase name="switchTest[0](3, 31)" classname="lab0.Variant4Test" time="0.0"/>
  <testcase name="switchTest[1](2, 28)" classname="lab0.Variant4Test" time="0.0"/>
  <testcase name="switchTest[2](6, 30)" classname="lab0.Variant4Test" time="0.0"/>
  <testcase name="twoDimensionArrayTest[0]([I@2f09be2c, 7, 5, [[I@1f76924e)" classname="lab0.Variant4Test" time="0.0"/>
  <testcase name="twoDimensionArrayTest[1]([I@6d4e493e, 7, 5, [[I@45b96749)" classname="lab0.Variant4Test" time="0.0"/>
  <testcase name="twoDimensionArrayTest[2]([I@4ee0603c, 7, 5, [[I@d7ea3ed)" classname="lab0.Variant4Test" time="0.0"/>
  <testcase name="whileTest[0](3, true)" classname="lab0.Variant4Test" time="0.0"/>
  <testcase name="whileTest[1](27, true)" classname="lab0.Variant4Test" time="0.0"/>
  <testcase name="whileTest[2](81, true)" classname="lab0.Variant4Test" time="0.0"/>
  <testcase name="whileTest[3](82, false)" classname="lab0.Variant4Test" time="0.0"/>
  <testcase name="whileTest[4](0, false)" classname="lab0.Variant4Test" time="0.0"/>
  <system-out><![CDATA[]]></system-out>
  <system-err><![CDATA[]]></system-err>
</testsuite>
